2025-08-11 19:09:14,757 - INFO - STARTING DAILY NBA DATA COLLECTION
2025-08-11 19:09:14,757 - INFO - ==================================================
2025-08-11 19:09:14,757 - INFO - Collection Date: 2025-08-11
2025-08-11 19:09:14,757 - INFO - 
COLLECTING RECENT GAMES...
2025-08-11 19:09:23,985 - INFO - Games collection completed: 11 games
2025-08-11 19:09:23,985 - INFO -    WNBA: 11 games
2025-08-11 19:09:23,985 - INFO - 
CHECKING PLAYERS DATA...
2025-08-11 19:09:23,985 - INFO - Not Sunday - skipping players update
2025-08-11 19:09:23,985 - INFO - 
CHECKING TEAMS DATA...
2025-08-11 19:09:23,996 - INFO - Not first of month - skipping teams update
2025-08-11 19:09:23,996 - INFO - 
==================================================
2025-08-11 19:09:23,996 - INFO - DAILY COLLECTION COMPLETE!
2025-08-11 19:09:23,996 - INFO - Summary: 11 games, 0 players, 0 teams
2025-08-11 19:09:23,996 - INFO - Completed at: 2025-08-11 19:09:23
2025-08-11 19:09:23,996 - INFO - ==================================================
2025-08-11 19:15:42,978 - INFO - STARTING DAILY NBA DATA COLLECTION
2025-08-11 19:15:42,978 - INFO - ==================================================
2025-08-11 19:15:42,978 - INFO - Collection Date: 2025-08-11
2025-08-11 19:15:42,978 - INFO - 
COLLECTING RECENT GAMES...
2025-08-11 19:15:52,141 - INFO - Games collection completed: 11 games
2025-08-11 19:15:52,141 - INFO -    WNBA: 11 games
2025-08-11 19:15:52,141 - INFO - 
CHECKING PLAYERS DATA...
2025-08-11 19:15:52,141 - INFO - Not Sunday - skipping players update
2025-08-11 19:15:52,141 - INFO - 
CHECKING TEAMS DATA...
2025-08-11 19:15:52,141 - INFO - Not first of month - skipping teams update
2025-08-11 19:15:52,141 - INFO - 
==================================================
2025-08-11 19:15:52,142 - INFO - DAILY COLLECTION COMPLETE!
2025-08-11 19:15:52,142 - INFO - Summary: 11 games, 0 players, 0 teams
2025-08-11 19:15:52,142 - INFO - Completed at: 2025-08-11 19:15:52
2025-08-11 19:15:52,142 - INFO - ==================================================
